[12-Nov-2025 14:42:20 UTC] ✅ Using GuzzleHttp\Psr7\HttpFactory
[12-Nov-2025 14:42:20 UTC] ✅ Using GuzzleHttp\Client
[12-Nov-2025 14:42:24 UTC] ✅ Using GuzzleHttp\Psr7\HttpFactory
[12-Nov-2025 14:42:24 UTC] ✅ Using GuzzleHttp\Client
[12-Nov-2025 14:42:24 UTC] API Request: GET http://sclib_auth:8001/health
[12-Nov-2025 14:42:24 UTC] HTTP Code: 200
[12-Nov-2025 14:42:24 UTC] Response (first 500 chars): {"status":"healthy","service":"SCLib_Auth_Standalone"}
[12-Nov-2025 14:42:24 UTC] Creating user at: http://sclib_auth:8001/api/auth/create-user
[12-Nov-2025 14:42:24 UTC] User data: {"email":"amy@visus.net","name":"Amy Gooch","auth0_id":"google-oauth2|102515493501554578195","sub":"google-oauth2|102515493501554578195","picture":"https:\/\/lh3.googleusercontent.com\/a\/ACg8ocK-O-1oZ6Xz-TnfeEjCg0bJbjzvWA6xqXSC4U7gTYP5uFQXPQ=s96-c","email_verified":true,"auth0_metadata":{"given_name":"Amy","family_name":"Gooch","nickname":"amy","name":"Amy Gooch","picture":"https:\/\/lh3.googleusercontent.com\/a\/ACg8ocK-O-1oZ6Xz-TnfeEjCg0bJbjzvWA6xqXSC4U7gTYP5uFQXPQ=s96-c","updated_at":"2025-11-07T17:22:45.580Z","email":"amy@visus.net","email_verified":true,"iss":"https:\/\/dev-ep26akpb.auth0.com\/","aud":"Wy5lNzYVnDErayU9OmXQPFU5B99oHiI6","sub":"google-oauth2|102515493501554578195","iat":1762958560,"exp":1762994560,"sid":"2_JteWLpxc5QmD-kPa8dCEbsxo2JvuZm","nonce":"98c8acd5420a0c09b0899cd897b0c4db"}}
[12-Nov-2025 14:42:25 UTC] API Request: POST http://sclib_auth:8001/api/auth/create-user
[12-Nov-2025 14:42:25 UTC] HTTP Code: 200
[12-Nov-2025 14:42:25 UTC] Response (first 500 chars): {"success":true,"user_id":"google-oauth2|102515493501554578195","user":{"id":"google-oauth2|102515493501554578195","user_id":"google-oauth2|102515493501554578195","email":"amy@visus.net","name":"Amy Gooch","picture":"https://lh3.googleusercontent.com/a/ACg8ocK-O-1oZ6Xz-TnfeEjCg0bJbjzvWA6xqXSC4U7gTYP5uFQXPQ=s96-c","email_verified":true,"created_at":"2025-11-11T17:17:28.973000","last_login":"2025-11-12T14:42:25.759000","preferences":{},"auth0_id":"google-oauth2|102515493501554578195"}}
[12-Nov-2025 14:42:25 UTC] Create user response: {"success":true,"user_id":"google-oauth2|102515493501554578195","user":{"id":"google-oauth2|102515493501554578195","user_id":"google-oauth2|102515493501554578195","email":"amy@visus.net","name":"Amy Gooch","picture":"https:\/\/lh3.googleusercontent.com\/a\/ACg8ocK-O-1oZ6Xz-TnfeEjCg0bJbjzvWA6xqXSC4U7gTYP5uFQXPQ=s96-c","email_verified":true,"created_at":"2025-11-11T17:17:28.973000","last_login":"2025-11-12T14:42:25.759000","preferences":[],"auth0_id":"google-oauth2|102515493501554578195"}}
[12-Nov-2025 14:42:26 UTC] API Request: GET http://sclib_fastapi:5001/api/datasets?user_id=google-oauth2%7C102515493501554578195
[12-Nov-2025 14:42:26 UTC] HTTP Code: 200
[12-Nov-2025 14:42:26 UTC] Response (first 500 chars): {"success":true,"datasets":[]}
[12-Nov-2025 14:42:26 UTC] API Request: GET http://sclib_fastapi:5001/api/datasets?user_id=google-oauth2%7C102515493501554578195
[12-Nov-2025 14:42:26 UTC] HTTP Code: 200
[12-Nov-2025 14:42:26 UTC] Response (first 500 chars): {"success":true,"datasets":[]}
[12-Nov-2025 14:42:26 UTC] API Request: GET http://sclib_fastapi:5001/api/datasets?user_id=google-oauth2%7C102515493501554578195
[12-Nov-2025 14:42:26 UTC] HTTP Code: 200
[12-Nov-2025 14:42:26 UTC] Response (first 500 chars): {"success":true,"datasets":[]}
[12-Nov-2025 14:42:26 UTC] API Request: GET http://sclib_fastapi:5001/api/datasets?user_id=google-oauth2%7C102515493501554578195
[12-Nov-2025 14:42:26 UTC] HTTP Code: 200
[12-Nov-2025 14:42:26 UTC] Response (first 500 chars): {"success":true,"datasets":[]}
[12-Nov-2025 14:42:27 UTC] API Request: GET http://sclib_fastapi:5001/api/datasets?user_id=google-oauth2%7C102515493501554578195
[12-Nov-2025 14:42:27 UTC] HTTP Code: 200
[12-Nov-2025 14:42:27 UTC] Response (first 500 chars): {"success":true,"datasets":[]}
[12-Nov-2025 14:42:27 UTC] API Request: GET http://sclib_fastapi:5001/api/v1/datasets/by-user?user_email=amy%40visus.net
[12-Nov-2025 14:42:27 UTC] HTTP Code: 200
[12-Nov-2025 14:42:27 UTC] Response (first 500 chars): {"success":true,"datasets":{"my":[{"uuid":"0ab591c9-ad52-486a-abd5-82d36d62bd01","name":"AUTO_TEST_CONVERSION_TEST_20251111_152408","data_size":0,"folder":null,"folder_uuid":null,"time":null,"team":null,"team_uuid":null,"tags":"","sensor":"TIFF RGB","status":"done","compression_status":"unknown","url":"http://localhost:8080/mod_visus?dataset=0ab591c9-ad52-486a-abd5-82d36d62bd01&&server=false","google_drive_link":"","bucket":null,"prefix":null,"accesskey":null,"secretkey":null},{"uuid":"d04110db-
[12-Nov-2025 14:42:27 UTC] Datasets API response: my=8, shared=0, team=0, total=8
[12-Nov-2025 14:42:34 UTC] MongoDB PHP extension not available
[12-Nov-2025 14:42:34 UTC] MongoDB PHP extension not available
[12-Nov-2025 14:43:06 UTC] MongoDB PHP extension not available
[12-Nov-2025 14:43:06 UTC] MongoDB PHP extension not available
[12-Nov-2025 14:43:13 UTC] API Request: GET http://sclib_fastapi:5001/api/v1/datasets/db9b7e61-7d86-4aa8-a7ba-a19c73862983?user_email=amy%40visus.net
[12-Nov-2025 14:43:13 UTC] HTTP Code: 200
[12-Nov-2025 14:43:13 UTC] Response (first 500 chars): {"success":true,"identifier":"db9b7e61-7d86-4aa8-a7ba-a19c73862983","resolved_uuid":"db9b7e61-7d86-4aa8-a7ba-a19c73862983","dataset":{"_id":"69148afe346f163ef2a33449","uuid":"db9b7e61-7d86-4aa8-a7ba-a19c73862983","name":"taylor","slug":"amy-taylor-2025","id":82606,"user":"amy@visus.net","sensor":"RGB","convert":true,"is_public":true,"folder_uuid":"Taylor","team_uuid":null,"source_type":"local","source_path":"/tmp/tmpb3_g9v3x/.DS_Store","destination_path":"/mnt/visus_datasets/upload/db9b7e61-7d86
[12-Nov-2025 14:43:13 UTC] PHP Warning:  Undefined array key "team_id" in /var/www/html/api/dataset-status.php on line 72
[12-Nov-2025 14:43:13 UTC] API Request: GET http://sclib_fastapi:5001/api/v1/datasets/db9b7e61-7d86-4aa8-a7ba-a19c73862983?user_email=amy%40visus.net
[12-Nov-2025 14:43:13 UTC] HTTP Code: 200
[12-Nov-2025 14:43:13 UTC] Response (first 500 chars): {"success":true,"identifier":"db9b7e61-7d86-4aa8-a7ba-a19c73862983","resolved_uuid":"db9b7e61-7d86-4aa8-a7ba-a19c73862983","dataset":{"_id":"69148afe346f163ef2a33449","uuid":"db9b7e61-7d86-4aa8-a7ba-a19c73862983","name":"taylor","slug":"amy-taylor-2025","id":82606,"user":"amy@visus.net","sensor":"RGB","convert":true,"is_public":true,"folder_uuid":"Taylor","team_uuid":null,"source_type":"local","source_path":"/tmp/tmpb3_g9v3x/.DS_Store","destination_path":"/mnt/visus_datasets/upload/db9b7e61-7d86
[12-Nov-2025 14:43:13 UTC] API Request: GET http://sclib_fastapi:5001/api/v1/datasets/db9b7e61-7d86-4aa8-a7ba-a19c73862983?user_email=amy%40visus.net
[12-Nov-2025 14:43:13 UTC] HTTP Code: 200
[12-Nov-2025 14:43:13 UTC] Response (first 500 chars): {"success":true,"identifier":"db9b7e61-7d86-4aa8-a7ba-a19c73862983","resolved_uuid":"db9b7e61-7d86-4aa8-a7ba-a19c73862983","dataset":{"_id":"69148afe346f163ef2a33449","uuid":"db9b7e61-7d86-4aa8-a7ba-a19c73862983","name":"taylor","slug":"amy-taylor-2025","id":82606,"user":"amy@visus.net","sensor":"RGB","convert":true,"is_public":true,"folder_uuid":"Taylor","team_uuid":null,"source_type":"local","source_path":"/tmp/tmpb3_g9v3x/.DS_Store","destination_path":"/mnt/visus_datasets/upload/db9b7e61-7d86
[12-Nov-2025 14:43:14 UTC] API Request: GET http://sclib_fastapi:5001/api/v1/datasets/db9b7e61-7d86-4aa8-a7ba-a19c73862983?user_email=amy%40visus.net
[12-Nov-2025 14:43:14 UTC] HTTP Code: 200
[12-Nov-2025 14:43:14 UTC] Response (first 500 chars): {"success":true,"identifier":"db9b7e61-7d86-4aa8-a7ba-a19c73862983","resolved_uuid":"db9b7e61-7d86-4aa8-a7ba-a19c73862983","dataset":{"_id":"69148afe346f163ef2a33449","uuid":"db9b7e61-7d86-4aa8-a7ba-a19c73862983","name":"taylor","slug":"amy-taylor-2025","id":82606,"user":"amy@visus.net","sensor":"RGB","convert":true,"is_public":true,"folder_uuid":"Taylor","team_uuid":null,"source_type":"local","source_path":"/tmp/tmpb3_g9v3x/.DS_Store","destination_path":"/mnt/visus_datasets/upload/db9b7e61-7d86
[12-Nov-2025 14:43:14 UTC] PHP Warning:  Undefined array key "team_id" in /var/www/html/api/dataset-details.php on line 71
[12-Nov-2025 14:43:14 UTC] API Request: GET http://sclib_fastapi:5001/api/v1/datasets/db9b7e61-7d86-4aa8-a7ba-a19c73862983?user_email=amy%40visus.net
[12-Nov-2025 14:43:14 UTC] HTTP Code: 200
[12-Nov-2025 14:43:14 UTC] Response (first 500 chars): {"success":true,"identifier":"db9b7e61-7d86-4aa8-a7ba-a19c73862983","resolved_uuid":"db9b7e61-7d86-4aa8-a7ba-a19c73862983","dataset":{"_id":"69148afe346f163ef2a33449","uuid":"db9b7e61-7d86-4aa8-a7ba-a19c73862983","name":"taylor","slug":"amy-taylor-2025","id":82606,"user":"amy@visus.net","sensor":"RGB","convert":true,"is_public":true,"folder_uuid":"Taylor","team_uuid":null,"source_type":"local","source_path":"/tmp/tmpb3_g9v3x/.DS_Store","destination_path":"/mnt/visus_datasets/upload/db9b7e61-7d86
[12-Nov-2025 14:43:14 UTC] PHP Warning:  Undefined array key "team_id" in /var/www/html/api/dataset-status.php on line 72
[12-Nov-2025 14:43:14 UTC] API Request: GET http://sclib_fastapi:5001/api/v1/datasets/db9b7e61-7d86-4aa8-a7ba-a19c73862983?user_email=amy%40visus.net
[12-Nov-2025 14:43:14 UTC] HTTP Code: 200
[12-Nov-2025 14:43:14 UTC] Response (first 500 chars): {"success":true,"identifier":"db9b7e61-7d86-4aa8-a7ba-a19c73862983","resolved_uuid":"db9b7e61-7d86-4aa8-a7ba-a19c73862983","dataset":{"_id":"69148afe346f163ef2a33449","uuid":"db9b7e61-7d86-4aa8-a7ba-a19c73862983","name":"taylor","slug":"amy-taylor-2025","id":82606,"user":"amy@visus.net","sensor":"RGB","convert":true,"is_public":true,"folder_uuid":"Taylor","team_uuid":null,"source_type":"local","source_path":"/tmp/tmpb3_g9v3x/.DS_Store","destination_path":"/mnt/visus_datasets/upload/db9b7e61-7d86
[12-Nov-2025 14:43:14 UTC] API Request: GET http://sclib_fastapi:5001/api/v1/datasets/db9b7e61-7d86-4aa8-a7ba-a19c73862983?user_email=amy%40visus.net
[12-Nov-2025 14:43:14 UTC] HTTP Code: 200
[12-Nov-2025 14:43:14 UTC] Response (first 500 chars): {"success":true,"identifier":"db9b7e61-7d86-4aa8-a7ba-a19c73862983","resolved_uuid":"db9b7e61-7d86-4aa8-a7ba-a19c73862983","dataset":{"_id":"69148afe346f163ef2a33449","uuid":"db9b7e61-7d86-4aa8-a7ba-a19c73862983","name":"taylor","slug":"amy-taylor-2025","id":82606,"user":"amy@visus.net","sensor":"RGB","convert":true,"is_public":true,"folder_uuid":"Taylor","team_uuid":null,"source_type":"local","source_path":"/tmp/tmpb3_g9v3x/.DS_Store","destination_path":"/mnt/visus_datasets/upload/db9b7e61-7d86
[12-Nov-2025 14:43:14 UTC] PHP Warning:  Undefined array key "team_id" in /var/www/html/api/dataset-details.php on line 71
[12-Nov-2025 14:43:15 UTC] API Request: GET http://sclib_fastapi:5001/api/v1/datasets/db9b7e61-7d86-4aa8-a7ba-a19c73862983?user_email=amy%40visus.net
[12-Nov-2025 14:43:15 UTC] HTTP Code: 200
[12-Nov-2025 14:43:15 UTC] Response (first 500 chars): {"success":true,"identifier":"db9b7e61-7d86-4aa8-a7ba-a19c73862983","resolved_uuid":"db9b7e61-7d86-4aa8-a7ba-a19c73862983","dataset":{"_id":"69148afe346f163ef2a33449","uuid":"db9b7e61-7d86-4aa8-a7ba-a19c73862983","name":"taylor","slug":"amy-taylor-2025","id":82606,"user":"amy@visus.net","sensor":"RGB","convert":true,"is_public":true,"folder_uuid":"Taylor","team_uuid":null,"source_type":"local","source_path":"/tmp/tmpb3_g9v3x/.DS_Store","destination_path":"/mnt/visus_datasets/upload/db9b7e61-7d86
[12-Nov-2025 14:43:15 UTC] PHP Warning:  Undefined array key "team_id" in /var/www/html/api/dataset-details.php on line 71
[12-Nov-2025 14:43:15 UTC] API Request: GET http://sclib_fastapi:5001/api/v1/datasets/db9b7e61-7d86-4aa8-a7ba-a19c73862983?user_email=amy%40visus.net
[12-Nov-2025 14:43:15 UTC] HTTP Code: 200
[12-Nov-2025 14:43:15 UTC] Response (first 500 chars): {"success":true,"identifier":"db9b7e61-7d86-4aa8-a7ba-a19c73862983","resolved_uuid":"db9b7e61-7d86-4aa8-a7ba-a19c73862983","dataset":{"_id":"69148afe346f163ef2a33449","uuid":"db9b7e61-7d86-4aa8-a7ba-a19c73862983","name":"taylor","slug":"amy-taylor-2025","id":82606,"user":"amy@visus.net","sensor":"RGB","convert":true,"is_public":true,"folder_uuid":"Taylor","team_uuid":null,"source_type":"local","source_path":"/tmp/tmpb3_g9v3x/.DS_Store","destination_path":"/mnt/visus_datasets/upload/db9b7e61-7d86
[12-Nov-2025 14:43:15 UTC] PHP Warning:  Undefined array key "team_id" in /var/www/html/api/dataset-details.php on line 71
[12-Nov-2025 14:43:15 UTC] API Request: GET http://sclib_fastapi:5001/api/v1/datasets/db9b7e61-7d86-4aa8-a7ba-a19c73862983?user_email=amy%40visus.net
[12-Nov-2025 14:43:15 UTC] HTTP Code: 200
[12-Nov-2025 14:43:15 UTC] Response (first 500 chars): {"success":true,"identifier":"db9b7e61-7d86-4aa8-a7ba-a19c73862983","resolved_uuid":"db9b7e61-7d86-4aa8-a7ba-a19c73862983","dataset":{"_id":"69148afe346f163ef2a33449","uuid":"db9b7e61-7d86-4aa8-a7ba-a19c73862983","name":"taylor","slug":"amy-taylor-2025","id":82606,"user":"amy@visus.net","sensor":"RGB","convert":true,"is_public":true,"folder_uuid":"Taylor","team_uuid":null,"source_type":"local","source_path":"/tmp/tmpb3_g9v3x/.DS_Store","destination_path":"/mnt/visus_datasets/upload/db9b7e61-7d86
[12-Nov-2025 14:43:15 UTC] PHP Warning:  Undefined array key "team_id" in /var/www/html/api/dataset-status.php on line 72
[12-Nov-2025 14:43:15 UTC] API Request: GET http://sclib_fastapi:5001/api/v1/datasets/db9b7e61-7d86-4aa8-a7ba-a19c73862983?user_email=amy%40visus.net
[12-Nov-2025 14:43:15 UTC] HTTP Code: 200
[12-Nov-2025 14:43:15 UTC] Response (first 500 chars): {"success":true,"identifier":"db9b7e61-7d86-4aa8-a7ba-a19c73862983","resolved_uuid":"db9b7e61-7d86-4aa8-a7ba-a19c73862983","dataset":{"_id":"69148afe346f163ef2a33449","uuid":"db9b7e61-7d86-4aa8-a7ba-a19c73862983","name":"taylor","slug":"amy-taylor-2025","id":82606,"user":"amy@visus.net","sensor":"RGB","convert":true,"is_public":true,"folder_uuid":"Taylor","team_uuid":null,"source_type":"local","source_path":"/tmp/tmpb3_g9v3x/.DS_Store","destination_path":"/mnt/visus_datasets/upload/db9b7e61-7d86
[12-Nov-2025 14:43:23 UTC] API Request: GET http://sclib_fastapi:5001/api/v1/datasets/db9b7e61-7d86-4aa8-a7ba-a19c73862983?user_email=amy%40visus.net
[12-Nov-2025 14:43:23 UTC] HTTP Code: 200
[12-Nov-2025 14:43:23 UTC] Response (first 500 chars): {"success":true,"identifier":"db9b7e61-7d86-4aa8-a7ba-a19c73862983","resolved_uuid":"db9b7e61-7d86-4aa8-a7ba-a19c73862983","dataset":{"_id":"69148afe346f163ef2a33449","uuid":"db9b7e61-7d86-4aa8-a7ba-a19c73862983","name":"taylor","slug":"amy-taylor-2025","id":82606,"user":"amy@visus.net","sensor":"RGB","convert":true,"is_public":true,"folder_uuid":"Taylor","team_uuid":null,"source_type":"local","source_path":"/tmp/tmpb3_g9v3x/.DS_Store","destination_path":"/mnt/visus_datasets/upload/db9b7e61-7d86
[12-Nov-2025 14:43:23 UTC] PHP Warning:  Undefined array key "team_id" in /var/www/html/api/dataset-files.php on line 82
[12-Nov-2025 14:43:23 UTC] API Request: GET http://sclib_fastapi:5001/api/v1/datasets/db9b7e61-7d86-4aa8-a7ba-a19c73862983/files?user_email=amy%40visus.net
[12-Nov-2025 14:43:23 UTC] HTTP Code: 200
[12-Nov-2025 14:43:23 UTC] Response (first 500 chars): {"success":true,"dataset_uuid":"db9b7e61-7d86-4aa8-a7ba-a19c73862983","directories":{"upload":{"path":"/mnt/visus_datasets/upload/db9b7e61-7d86-4aa8-a7ba-a19c73862983","exists":true,"readable":true,"files":[{"name":"000.JPG","type":"file","path":"upload/000.JPG","size":5314534,"modified":1762953983.0},{"name":"001.JPG","type":"file","path":"upload/001.JPG","size":4973552,"modified":1762953984.0},{"name":"002.JPG","type":"file","path":"upload/002.JPG","size":5259070,"modified":1762953984.0},{"nam
[12-Nov-2025 14:43:57 UTC] PHP Warning:  Cannot modify header information - headers already sent in /var/www/html/config.php on line 207
[12-Nov-2025 14:43:57 UTC] PHP Warning:  Cannot modify header information - headers already sent in /var/www/html/config.php on line 208
[12-Nov-2025 14:43:57 UTC] PHP Warning:  Cannot modify header information - headers already sent in /var/www/html/config.php on line 209
[12-Nov-2025 14:44:01 UTC] API Request: GET http://sclib_fastapi:5001/api/v1/datasets/24d11f60-2d4b-4459-aa74-046ef478fa8b?user_email=amy%40visus.net
[12-Nov-2025 14:44:01 UTC] HTTP Code: 200
[12-Nov-2025 14:44:01 UTC] Response (first 500 chars): {"success":true,"identifier":"24d11f60-2d4b-4459-aa74-046ef478fa8b","resolved_uuid":"24d11f60-2d4b-4459-aa74-046ef478fa8b","dataset":{"_id":"69148b87d58daa287a7332be","uuid":"24d11f60-2d4b-4459-aa74-046ef478fa8b","name":"Trimmed Cell dir local upload","slug":"amy-trimmed-cell-dir-local-upload-2025","id":19288,"user":"amy@visus.net","sensor":"TIFF","convert":true,"is_public":true,"folder_uuid":"LLNL","team_uuid":null,"source_type":"local","source_path":"/tmp/tmp8hsnvnlo/2021-09-22-cell3_Iter_0_ch
[12-Nov-2025 14:44:01 UTC] PHP Warning:  Undefined array key "team_id" in /var/www/html/api/dataset-files.php on line 82
[12-Nov-2025 14:44:02 UTC] API Request: GET http://sclib_fastapi:5001/api/v1/datasets/24d11f60-2d4b-4459-aa74-046ef478fa8b/files?user_email=amy%40visus.net
[12-Nov-2025 14:44:02 UTC] HTTP Code: 200
[12-Nov-2025 14:44:02 UTC] Response (first 500 chars): {"success":true,"dataset_uuid":"24d11f60-2d4b-4459-aa74-046ef478fa8b","directories":{"upload":{"path":"/mnt/visus_datasets/upload/24d11f60-2d4b-4459-aa74-046ef478fa8b","exists":true,"readable":true,"files":[{"name":"results_idx","type":"directory","path":"upload/results_idx","children":[{"name":"2021-09-22-cell3.idx","type":"file","path":"upload/results_idx/2021-09-22-cell3.idx","size":300,"modified":1762954169.0}]},{"name":"2021-09-22-cell3_Iter_0_ch0_stack0000_3nm_0000000msec_0005837963msecAbs
[12-Nov-2025 14:44:03 UTC] API Request: GET http://sclib_fastapi:5001/api/v1/datasets/24d11f60-2d4b-4459-aa74-046ef478fa8b?user_email=amy%40visus.net
[12-Nov-2025 14:44:03 UTC] HTTP Code: 200
[12-Nov-2025 14:44:03 UTC] Response (first 500 chars): {"success":true,"identifier":"24d11f60-2d4b-4459-aa74-046ef478fa8b","resolved_uuid":"24d11f60-2d4b-4459-aa74-046ef478fa8b","dataset":{"_id":"69148b87d58daa287a7332be","uuid":"24d11f60-2d4b-4459-aa74-046ef478fa8b","name":"Trimmed Cell dir local upload","slug":"amy-trimmed-cell-dir-local-upload-2025","id":19288,"user":"amy@visus.net","sensor":"TIFF","convert":true,"is_public":true,"folder_uuid":"LLNL","team_uuid":null,"source_type":"local","source_path":"/tmp/tmp8hsnvnlo/2021-09-22-cell3_Iter_0_ch
[12-Nov-2025 14:44:03 UTC] PHP Warning:  Undefined array key "team_id" in /var/www/html/api/dataset-details.php on line 71
[12-Nov-2025 14:44:03 UTC] API Request: GET http://sclib_fastapi:5001/api/v1/datasets/24d11f60-2d4b-4459-aa74-046ef478fa8b?user_email=amy%40visus.net
[12-Nov-2025 14:44:03 UTC] HTTP Code: 200
[12-Nov-2025 14:44:03 UTC] Response (first 500 chars): {"success":true,"identifier":"24d11f60-2d4b-4459-aa74-046ef478fa8b","resolved_uuid":"24d11f60-2d4b-4459-aa74-046ef478fa8b","dataset":{"_id":"69148b87d58daa287a7332be","uuid":"24d11f60-2d4b-4459-aa74-046ef478fa8b","name":"Trimmed Cell dir local upload","slug":"amy-trimmed-cell-dir-local-upload-2025","id":19288,"user":"amy@visus.net","sensor":"TIFF","convert":true,"is_public":true,"folder_uuid":"LLNL","team_uuid":null,"source_type":"local","source_path":"/tmp/tmp8hsnvnlo/2021-09-22-cell3_Iter_0_ch
[12-Nov-2025 14:44:03 UTC] PHP Warning:  Undefined array key "team_id" in /var/www/html/api/dataset-status.php on line 72
[12-Nov-2025 14:44:03 UTC] API Request: GET http://sclib_fastapi:5001/api/v1/datasets/24d11f60-2d4b-4459-aa74-046ef478fa8b?user_email=amy%40visus.net
[12-Nov-2025 14:44:03 UTC] HTTP Code: 200
[12-Nov-2025 14:44:03 UTC] Response (first 500 chars): {"success":true,"identifier":"24d11f60-2d4b-4459-aa74-046ef478fa8b","resolved_uuid":"24d11f60-2d4b-4459-aa74-046ef478fa8b","dataset":{"_id":"69148b87d58daa287a7332be","uuid":"24d11f60-2d4b-4459-aa74-046ef478fa8b","name":"Trimmed Cell dir local upload","slug":"amy-trimmed-cell-dir-local-upload-2025","id":19288,"user":"amy@visus.net","sensor":"TIFF","convert":true,"is_public":true,"folder_uuid":"LLNL","team_uuid":null,"source_type":"local","source_path":"/tmp/tmp8hsnvnlo/2021-09-22-cell3_Iter_0_ch
[12-Nov-2025 14:44:03 UTC] API Request: GET http://sclib_fastapi:5001/api/v1/datasets/24d11f60-2d4b-4459-aa74-046ef478fa8b?user_email=amy%40visus.net
[12-Nov-2025 14:44:03 UTC] HTTP Code: 200
[12-Nov-2025 14:44:03 UTC] Response (first 500 chars): {"success":true,"identifier":"24d11f60-2d4b-4459-aa74-046ef478fa8b","resolved_uuid":"24d11f60-2d4b-4459-aa74-046ef478fa8b","dataset":{"_id":"69148b87d58daa287a7332be","uuid":"24d11f60-2d4b-4459-aa74-046ef478fa8b","name":"Trimmed Cell dir local upload","slug":"amy-trimmed-cell-dir-local-upload-2025","id":19288,"user":"amy@visus.net","sensor":"TIFF","convert":true,"is_public":true,"folder_uuid":"LLNL","team_uuid":null,"source_type":"local","source_path":"/tmp/tmp8hsnvnlo/2021-09-22-cell3_Iter_0_ch
[12-Nov-2025 14:44:04 UTC] API Request: GET http://sclib_fastapi:5001/api/v1/datasets/24d11f60-2d4b-4459-aa74-046ef478fa8b?user_email=amy%40visus.net
[12-Nov-2025 14:44:04 UTC] HTTP Code: 200
[12-Nov-2025 14:44:04 UTC] Response (first 500 chars): {"success":true,"identifier":"24d11f60-2d4b-4459-aa74-046ef478fa8b","resolved_uuid":"24d11f60-2d4b-4459-aa74-046ef478fa8b","dataset":{"_id":"69148b87d58daa287a7332be","uuid":"24d11f60-2d4b-4459-aa74-046ef478fa8b","name":"Trimmed Cell dir local upload","slug":"amy-trimmed-cell-dir-local-upload-2025","id":19288,"user":"amy@visus.net","sensor":"TIFF","convert":true,"is_public":true,"folder_uuid":"LLNL","team_uuid":null,"source_type":"local","source_path":"/tmp/tmp8hsnvnlo/2021-09-22-cell3_Iter_0_ch
[12-Nov-2025 14:44:04 UTC] PHP Warning:  Undefined array key "team_id" in /var/www/html/api/dataset-status.php on line 72
[12-Nov-2025 14:44:04 UTC] API Request: GET http://sclib_fastapi:5001/api/v1/datasets/24d11f60-2d4b-4459-aa74-046ef478fa8b?user_email=amy%40visus.net
[12-Nov-2025 14:44:04 UTC] HTTP Code: 200
[12-Nov-2025 14:44:04 UTC] Response (first 500 chars): {"success":true,"identifier":"24d11f60-2d4b-4459-aa74-046ef478fa8b","resolved_uuid":"24d11f60-2d4b-4459-aa74-046ef478fa8b","dataset":{"_id":"69148b87d58daa287a7332be","uuid":"24d11f60-2d4b-4459-aa74-046ef478fa8b","name":"Trimmed Cell dir local upload","slug":"amy-trimmed-cell-dir-local-upload-2025","id":19288,"user":"amy@visus.net","sensor":"TIFF","convert":true,"is_public":true,"folder_uuid":"LLNL","team_uuid":null,"source_type":"local","source_path":"/tmp/tmp8hsnvnlo/2021-09-22-cell3_Iter_0_ch
[12-Nov-2025 14:44:04 UTC] API Request: GET http://sclib_fastapi:5001/api/v1/datasets/24d11f60-2d4b-4459-aa74-046ef478fa8b?user_email=amy%40visus.net
[12-Nov-2025 14:44:04 UTC] HTTP Code: 200
[12-Nov-2025 14:44:04 UTC] Response (first 500 chars): {"success":true,"identifier":"24d11f60-2d4b-4459-aa74-046ef478fa8b","resolved_uuid":"24d11f60-2d4b-4459-aa74-046ef478fa8b","dataset":{"_id":"69148b87d58daa287a7332be","uuid":"24d11f60-2d4b-4459-aa74-046ef478fa8b","name":"Trimmed Cell dir local upload","slug":"amy-trimmed-cell-dir-local-upload-2025","id":19288,"user":"amy@visus.net","sensor":"TIFF","convert":true,"is_public":true,"folder_uuid":"LLNL","team_uuid":null,"source_type":"local","source_path":"/tmp/tmp8hsnvnlo/2021-09-22-cell3_Iter_0_ch
[12-Nov-2025 14:44:04 UTC] PHP Warning:  Undefined array key "team_id" in /var/www/html/api/dataset-details.php on line 71
[12-Nov-2025 14:44:04 UTC] API Request: GET http://sclib_fastapi:5001/api/v1/datasets/24d11f60-2d4b-4459-aa74-046ef478fa8b?user_email=amy%40visus.net
[12-Nov-2025 14:44:04 UTC] HTTP Code: 200
[12-Nov-2025 14:44:04 UTC] Response (first 500 chars): {"success":true,"identifier":"24d11f60-2d4b-4459-aa74-046ef478fa8b","resolved_uuid":"24d11f60-2d4b-4459-aa74-046ef478fa8b","dataset":{"_id":"69148b87d58daa287a7332be","uuid":"24d11f60-2d4b-4459-aa74-046ef478fa8b","name":"Trimmed Cell dir local upload","slug":"amy-trimmed-cell-dir-local-upload-2025","id":19288,"user":"amy@visus.net","sensor":"TIFF","convert":true,"is_public":true,"folder_uuid":"LLNL","team_uuid":null,"source_type":"local","source_path":"/tmp/tmp8hsnvnlo/2021-09-22-cell3_Iter_0_ch
[12-Nov-2025 14:44:04 UTC] PHP Warning:  Undefined array key "team_id" in /var/www/html/api/dataset-details.php on line 71
[12-Nov-2025 14:44:05 UTC] API Request: GET http://sclib_fastapi:5001/api/v1/datasets/24d11f60-2d4b-4459-aa74-046ef478fa8b?user_email=amy%40visus.net
[12-Nov-2025 14:44:05 UTC] HTTP Code: 200
[12-Nov-2025 14:44:05 UTC] Response (first 500 chars): {"success":true,"identifier":"24d11f60-2d4b-4459-aa74-046ef478fa8b","resolved_uuid":"24d11f60-2d4b-4459-aa74-046ef478fa8b","dataset":{"_id":"69148b87d58daa287a7332be","uuid":"24d11f60-2d4b-4459-aa74-046ef478fa8b","name":"Trimmed Cell dir local upload","slug":"amy-trimmed-cell-dir-local-upload-2025","id":19288,"user":"amy@visus.net","sensor":"TIFF","convert":true,"is_public":true,"folder_uuid":"LLNL","team_uuid":null,"source_type":"local","source_path":"/tmp/tmp8hsnvnlo/2021-09-22-cell3_Iter_0_ch
[12-Nov-2025 14:44:05 UTC] PHP Warning:  Undefined array key "team_id" in /var/www/html/api/dataset-details.php on line 71
[12-Nov-2025 14:44:05 UTC] API Request: GET http://sclib_fastapi:5001/api/v1/datasets/24d11f60-2d4b-4459-aa74-046ef478fa8b?user_email=amy%40visus.net
[12-Nov-2025 14:44:05 UTC] HTTP Code: 200
[12-Nov-2025 14:44:05 UTC] Response (first 500 chars): {"success":true,"identifier":"24d11f60-2d4b-4459-aa74-046ef478fa8b","resolved_uuid":"24d11f60-2d4b-4459-aa74-046ef478fa8b","dataset":{"_id":"69148b87d58daa287a7332be","uuid":"24d11f60-2d4b-4459-aa74-046ef478fa8b","name":"Trimmed Cell dir local upload","slug":"amy-trimmed-cell-dir-local-upload-2025","id":19288,"user":"amy@visus.net","sensor":"TIFF","convert":true,"is_public":true,"folder_uuid":"LLNL","team_uuid":null,"source_type":"local","source_path":"/tmp/tmp8hsnvnlo/2021-09-22-cell3_Iter_0_ch
[12-Nov-2025 14:44:05 UTC] PHP Warning:  Undefined array key "team_id" in /var/www/html/api/dataset-status.php on line 72
[12-Nov-2025 14:44:05 UTC] API Request: GET http://sclib_fastapi:5001/api/v1/datasets/24d11f60-2d4b-4459-aa74-046ef478fa8b?user_email=amy%40visus.net
[12-Nov-2025 14:44:05 UTC] HTTP Code: 200
[12-Nov-2025 14:44:05 UTC] Response (first 500 chars): {"success":true,"identifier":"24d11f60-2d4b-4459-aa74-046ef478fa8b","resolved_uuid":"24d11f60-2d4b-4459-aa74-046ef478fa8b","dataset":{"_id":"69148b87d58daa287a7332be","uuid":"24d11f60-2d4b-4459-aa74-046ef478fa8b","name":"Trimmed Cell dir local upload","slug":"amy-trimmed-cell-dir-local-upload-2025","id":19288,"user":"amy@visus.net","sensor":"TIFF","convert":true,"is_public":true,"folder_uuid":"LLNL","team_uuid":null,"source_type":"local","source_path":"/tmp/tmp8hsnvnlo/2021-09-22-cell3_Iter_0_ch
[12-Nov-2025 14:44:08 UTC] PHP Warning:  Cannot modify header information - headers already sent in /var/www/html/config.php on line 207
[12-Nov-2025 14:44:08 UTC] PHP Warning:  Cannot modify header information - headers already sent in /var/www/html/config.php on line 208
[12-Nov-2025 14:44:08 UTC] PHP Warning:  Cannot modify header information - headers already sent in /var/www/html/config.php on line 209
[12-Nov-2025 14:48:25 UTC] ✅ Using GuzzleHttp\Psr7\HttpFactory
[12-Nov-2025 14:48:25 UTC] ✅ Using GuzzleHttp\Client
[12-Nov-2025 14:48:28 UTC] ✅ Using GuzzleHttp\Psr7\HttpFactory
[12-Nov-2025 14:48:28 UTC] ✅ Using GuzzleHttp\Client
[12-Nov-2025 14:48:29 UTC] API Request: GET http://sclib_auth:8001/health
[12-Nov-2025 14:48:29 UTC] HTTP Code: 200
[12-Nov-2025 14:48:29 UTC] Response (first 500 chars): {"status":"healthy","service":"SCLib_Auth_Standalone"}
[12-Nov-2025 14:48:29 UTC] Creating user at: http://sclib_auth:8001/api/auth/create-user
[12-Nov-2025 14:48:29 UTC] User data: {"email":"amy@visus.net","name":"Amy Gooch","auth0_id":"google-oauth2|102515493501554578195","sub":"google-oauth2|102515493501554578195","picture":"https:\/\/lh3.googleusercontent.com\/a\/ACg8ocK-O-1oZ6Xz-TnfeEjCg0bJbjzvWA6xqXSC4U7gTYP5uFQXPQ=s96-c","email_verified":true,"auth0_metadata":{"given_name":"Amy","family_name":"Gooch","nickname":"amy","name":"Amy Gooch","picture":"https:\/\/lh3.googleusercontent.com\/a\/ACg8ocK-O-1oZ6Xz-TnfeEjCg0bJbjzvWA6xqXSC4U7gTYP5uFQXPQ=s96-c","updated_at":"2025-11-07T17:22:45.580Z","email":"amy@visus.net","email_verified":true,"iss":"https:\/\/dev-ep26akpb.auth0.com\/","aud":"Wy5lNzYVnDErayU9OmXQPFU5B99oHiI6","sub":"google-oauth2|102515493501554578195","iat":1762958924,"exp":1762994924,"sid":"2_JteWLpxc5QmD-kPa8dCEbsxo2JvuZm","nonce":"613ae33e1cd446ea0b0ff8650a5524b5"}}
[12-Nov-2025 14:48:29 UTC] API Request: POST http://sclib_auth:8001/api/auth/create-user
[12-Nov-2025 14:48:29 UTC] HTTP Code: 200
[12-Nov-2025 14:48:29 UTC] Response (first 500 chars): {"success":true,"user_id":"google-oauth2|102515493501554578195","user":{"id":"google-oauth2|102515493501554578195","user_id":"google-oauth2|102515493501554578195","email":"amy@visus.net","name":"Amy Gooch","picture":"https://lh3.googleusercontent.com/a/ACg8ocK-O-1oZ6Xz-TnfeEjCg0bJbjzvWA6xqXSC4U7gTYP5uFQXPQ=s96-c","email_verified":true,"created_at":"2025-11-11T17:17:28.973000","last_login":"2025-11-12T14:48:29.835000","preferences":{},"auth0_id":"google-oauth2|102515493501554578195"}}
[12-Nov-2025 14:48:29 UTC] Create user response: {"success":true,"user_id":"google-oauth2|102515493501554578195","user":{"id":"google-oauth2|102515493501554578195","user_id":"google-oauth2|102515493501554578195","email":"amy@visus.net","name":"Amy Gooch","picture":"https:\/\/lh3.googleusercontent.com\/a\/ACg8ocK-O-1oZ6Xz-TnfeEjCg0bJbjzvWA6xqXSC4U7gTYP5uFQXPQ=s96-c","email_verified":true,"created_at":"2025-11-11T17:17:28.973000","last_login":"2025-11-12T14:48:29.835000","preferences":[],"auth0_id":"google-oauth2|102515493501554578195"}}
[12-Nov-2025 14:48:30 UTC] API Request: GET http://sclib_fastapi:5001/api/datasets?user_id=google-oauth2%7C102515493501554578195
[12-Nov-2025 14:48:30 UTC] HTTP Code: 200
[12-Nov-2025 14:48:30 UTC] Response (first 500 chars): {"success":true,"datasets":[]}
[12-Nov-2025 14:48:30 UTC] API Request: GET http://sclib_fastapi:5001/api/datasets?user_id=google-oauth2%7C102515493501554578195
[12-Nov-2025 14:48:30 UTC] HTTP Code: 200
[12-Nov-2025 14:48:30 UTC] Response (first 500 chars): {"success":true,"datasets":[]}
[12-Nov-2025 14:48:30 UTC] API Request: GET http://sclib_fastapi:5001/api/datasets?user_id=google-oauth2%7C102515493501554578195
[12-Nov-2025 14:48:30 UTC] HTTP Code: 200
[12-Nov-2025 14:48:30 UTC] Response (first 500 chars): {"success":true,"datasets":[]}
[12-Nov-2025 14:48:30 UTC] API Request: GET http://sclib_fastapi:5001/api/datasets?user_id=google-oauth2%7C102515493501554578195
[12-Nov-2025 14:48:30 UTC] HTTP Code: 200
[12-Nov-2025 14:48:30 UTC] Response (first 500 chars): {"success":true,"datasets":[]}
[12-Nov-2025 14:48:31 UTC] API Request: GET http://sclib_fastapi:5001/api/datasets?user_id=google-oauth2%7C102515493501554578195
[12-Nov-2025 14:48:31 UTC] HTTP Code: 200
[12-Nov-2025 14:48:31 UTC] Response (first 500 chars): {"success":true,"datasets":[]}
[12-Nov-2025 14:48:31 UTC] API Request: GET http://sclib_fastapi:5001/api/v1/datasets/by-user?user_email=amy%40visus.net
[12-Nov-2025 14:48:31 UTC] HTTP Code: 200
[12-Nov-2025 14:48:31 UTC] Response (first 500 chars): {"success":true,"datasets":{"my":[{"uuid":"0ab591c9-ad52-486a-abd5-82d36d62bd01","name":"AUTO_TEST_CONVERSION_TEST_20251111_152408","data_size":0,"folder":null,"folder_uuid":null,"time":null,"team":null,"team_uuid":null,"tags":"","sensor":"TIFF RGB","status":"done","compression_status":"unknown","url":"http://localhost:8080/mod_visus?dataset=0ab591c9-ad52-486a-abd5-82d36d62bd01&&server=false","google_drive_link":"","bucket":null,"prefix":null,"accesskey":null,"secretkey":null},{"uuid":"d04110db-
[12-Nov-2025 14:48:31 UTC] Datasets API response: my=8, shared=0, team=0, total=8
[12-Nov-2025 14:48:35 UTC] API Request: GET http://sclib_fastapi:5001/api/v1/datasets/24d11f60-2d4b-4459-aa74-046ef478fa8b?user_email=amy%40visus.net
[12-Nov-2025 14:48:35 UTC] HTTP Code: 200
[12-Nov-2025 14:48:35 UTC] Response (first 500 chars): {"success":true,"identifier":"24d11f60-2d4b-4459-aa74-046ef478fa8b","resolved_uuid":"24d11f60-2d4b-4459-aa74-046ef478fa8b","dataset":{"_id":"69148b87d58daa287a7332be","uuid":"24d11f60-2d4b-4459-aa74-046ef478fa8b","name":"Trimmed Cell dir local upload","slug":"amy-trimmed-cell-dir-local-upload-2025","id":19288,"user":"amy@visus.net","sensor":"TIFF","convert":true,"is_public":true,"folder_uuid":"LLNL","team_uuid":null,"source_type":"local","source_path":"/tmp/tmp8hsnvnlo/2021-09-22-cell3_Iter_0_ch
[12-Nov-2025 14:48:35 UTC] PHP Warning:  Undefined array key "team_id" in /var/www/html/api/dataset-status.php on line 72
[12-Nov-2025 14:48:35 UTC] API Request: GET http://sclib_fastapi:5001/api/v1/datasets/24d11f60-2d4b-4459-aa74-046ef478fa8b?user_email=amy%40visus.net
[12-Nov-2025 14:48:35 UTC] HTTP Code: 200
[12-Nov-2025 14:48:35 UTC] Response (first 500 chars): {"success":true,"identifier":"24d11f60-2d4b-4459-aa74-046ef478fa8b","resolved_uuid":"24d11f60-2d4b-4459-aa74-046ef478fa8b","dataset":{"_id":"69148b87d58daa287a7332be","uuid":"24d11f60-2d4b-4459-aa74-046ef478fa8b","name":"Trimmed Cell dir local upload","slug":"amy-trimmed-cell-dir-local-upload-2025","id":19288,"user":"amy@visus.net","sensor":"TIFF","convert":true,"is_public":true,"folder_uuid":"LLNL","team_uuid":null,"source_type":"local","source_path":"/tmp/tmp8hsnvnlo/2021-09-22-cell3_Iter_0_ch
[12-Nov-2025 14:48:35 UTC] API Request: GET http://sclib_fastapi:5001/api/v1/datasets/24d11f60-2d4b-4459-aa74-046ef478fa8b?user_email=amy%40visus.net
[12-Nov-2025 14:48:35 UTC] HTTP Code: 200
[12-Nov-2025 14:48:35 UTC] Response (first 500 chars): {"success":true,"identifier":"24d11f60-2d4b-4459-aa74-046ef478fa8b","resolved_uuid":"24d11f60-2d4b-4459-aa74-046ef478fa8b","dataset":{"_id":"69148b87d58daa287a7332be","uuid":"24d11f60-2d4b-4459-aa74-046ef478fa8b","name":"Trimmed Cell dir local upload","slug":"amy-trimmed-cell-dir-local-upload-2025","id":19288,"user":"amy@visus.net","sensor":"TIFF","convert":true,"is_public":true,"folder_uuid":"LLNL","team_uuid":null,"source_type":"local","source_path":"/tmp/tmp8hsnvnlo/2021-09-22-cell3_Iter_0_ch
[12-Nov-2025 14:48:35 UTC] PHP Warning:  Undefined array key "team_id" in /var/www/html/api/dataset-details.php on line 71
[12-Nov-2025 14:48:36 UTC] API Request: GET http://sclib_fastapi:5001/api/v1/datasets/24d11f60-2d4b-4459-aa74-046ef478fa8b?user_email=amy%40visus.net
[12-Nov-2025 14:48:36 UTC] HTTP Code: 200
[12-Nov-2025 14:48:36 UTC] Response (first 500 chars): {"success":true,"identifier":"24d11f60-2d4b-4459-aa74-046ef478fa8b","resolved_uuid":"24d11f60-2d4b-4459-aa74-046ef478fa8b","dataset":{"_id":"69148b87d58daa287a7332be","uuid":"24d11f60-2d4b-4459-aa74-046ef478fa8b","name":"Trimmed Cell dir local upload","slug":"amy-trimmed-cell-dir-local-upload-2025","id":19288,"user":"amy@visus.net","sensor":"TIFF","convert":true,"is_public":true,"folder_uuid":"LLNL","team_uuid":null,"source_type":"local","source_path":"/tmp/tmp8hsnvnlo/2021-09-22-cell3_Iter_0_ch
[12-Nov-2025 14:48:36 UTC] PHP Warning:  Undefined array key "team_id" in /var/www/html/api/dataset-status.php on line 72
[12-Nov-2025 14:48:36 UTC] API Request: GET http://sclib_fastapi:5001/api/v1/datasets/24d11f60-2d4b-4459-aa74-046ef478fa8b?user_email=amy%40visus.net
[12-Nov-2025 14:48:36 UTC] HTTP Code: 200
[12-Nov-2025 14:48:36 UTC] Response (first 500 chars): {"success":true,"identifier":"24d11f60-2d4b-4459-aa74-046ef478fa8b","resolved_uuid":"24d11f60-2d4b-4459-aa74-046ef478fa8b","dataset":{"_id":"69148b87d58daa287a7332be","uuid":"24d11f60-2d4b-4459-aa74-046ef478fa8b","name":"Trimmed Cell dir local upload","slug":"amy-trimmed-cell-dir-local-upload-2025","id":19288,"user":"amy@visus.net","sensor":"TIFF","convert":true,"is_public":true,"folder_uuid":"LLNL","team_uuid":null,"source_type":"local","source_path":"/tmp/tmp8hsnvnlo/2021-09-22-cell3_Iter_0_ch
[12-Nov-2025 14:48:36 UTC] API Request: GET http://sclib_fastapi:5001/api/v1/datasets/24d11f60-2d4b-4459-aa74-046ef478fa8b?user_email=amy%40visus.net
[12-Nov-2025 14:48:36 UTC] HTTP Code: 200
[12-Nov-2025 14:48:36 UTC] Response (first 500 chars): {"success":true,"identifier":"24d11f60-2d4b-4459-aa74-046ef478fa8b","resolved_uuid":"24d11f60-2d4b-4459-aa74-046ef478fa8b","dataset":{"_id":"69148b87d58daa287a7332be","uuid":"24d11f60-2d4b-4459-aa74-046ef478fa8b","name":"Trimmed Cell dir local upload","slug":"amy-trimmed-cell-dir-local-upload-2025","id":19288,"user":"amy@visus.net","sensor":"TIFF","convert":true,"is_public":true,"folder_uuid":"LLNL","team_uuid":null,"source_type":"local","source_path":"/tmp/tmp8hsnvnlo/2021-09-22-cell3_Iter_0_ch
[12-Nov-2025 14:48:36 UTC] API Request: GET http://sclib_fastapi:5001/api/v1/datasets/24d11f60-2d4b-4459-aa74-046ef478fa8b?user_email=amy%40visus.net
[12-Nov-2025 14:48:36 UTC] HTTP Code: 200
[12-Nov-2025 14:48:36 UTC] Response (first 500 chars): {"success":true,"identifier":"24d11f60-2d4b-4459-aa74-046ef478fa8b","resolved_uuid":"24d11f60-2d4b-4459-aa74-046ef478fa8b","dataset":{"_id":"69148b87d58daa287a7332be","uuid":"24d11f60-2d4b-4459-aa74-046ef478fa8b","name":"Trimmed Cell dir local upload","slug":"amy-trimmed-cell-dir-local-upload-2025","id":19288,"user":"amy@visus.net","sensor":"TIFF","convert":true,"is_public":true,"folder_uuid":"LLNL","team_uuid":null,"source_type":"local","source_path":"/tmp/tmp8hsnvnlo/2021-09-22-cell3_Iter_0_ch
[12-Nov-2025 14:48:36 UTC] PHP Warning:  Undefined array key "team_id" in /var/www/html/api/dataset-details.php on line 71
[12-Nov-2025 14:48:37 UTC] API Request: GET http://sclib_fastapi:5001/api/v1/datasets/24d11f60-2d4b-4459-aa74-046ef478fa8b?user_email=amy%40visus.net
[12-Nov-2025 14:48:37 UTC] HTTP Code: 200
[12-Nov-2025 14:48:37 UTC] Response (first 500 chars): {"success":true,"identifier":"24d11f60-2d4b-4459-aa74-046ef478fa8b","resolved_uuid":"24d11f60-2d4b-4459-aa74-046ef478fa8b","dataset":{"_id":"69148b87d58daa287a7332be","uuid":"24d11f60-2d4b-4459-aa74-046ef478fa8b","name":"Trimmed Cell dir local upload","slug":"amy-trimmed-cell-dir-local-upload-2025","id":19288,"user":"amy@visus.net","sensor":"TIFF","convert":true,"is_public":true,"folder_uuid":"LLNL","team_uuid":null,"source_type":"local","source_path":"/tmp/tmp8hsnvnlo/2021-09-22-cell3_Iter_0_ch
[12-Nov-2025 14:48:37 UTC] PHP Warning:  Undefined array key "team_id" in /var/www/html/api/dataset-details.php on line 71
[12-Nov-2025 14:48:37 UTC] API Request: GET http://sclib_fastapi:5001/api/v1/datasets/24d11f60-2d4b-4459-aa74-046ef478fa8b?user_email=amy%40visus.net
[12-Nov-2025 14:48:37 UTC] HTTP Code: 200
[12-Nov-2025 14:48:37 UTC] Response (first 500 chars): {"success":true,"identifier":"24d11f60-2d4b-4459-aa74-046ef478fa8b","resolved_uuid":"24d11f60-2d4b-4459-aa74-046ef478fa8b","dataset":{"_id":"69148b87d58daa287a7332be","uuid":"24d11f60-2d4b-4459-aa74-046ef478fa8b","name":"Trimmed Cell dir local upload","slug":"amy-trimmed-cell-dir-local-upload-2025","id":19288,"user":"amy@visus.net","sensor":"TIFF","convert":true,"is_public":true,"folder_uuid":"LLNL","team_uuid":null,"source_type":"local","source_path":"/tmp/tmp8hsnvnlo/2021-09-22-cell3_Iter_0_ch
[12-Nov-2025 14:48:37 UTC] PHP Warning:  Undefined array key "team_id" in /var/www/html/api/dataset-details.php on line 71
[12-Nov-2025 14:48:38 UTC] PHP Warning:  Cannot modify header information - headers already sent in /var/www/html/config.php on line 207
[12-Nov-2025 14:48:38 UTC] PHP Warning:  Cannot modify header information - headers already sent in /var/www/html/config.php on line 208
[12-Nov-2025 14:48:38 UTC] PHP Warning:  Cannot modify header information - headers already sent in /var/www/html/config.php on line 209
[12-Nov-2025 14:48:39 UTC] API Request: GET http://sclib_fastapi:5001/api/v1/datasets/24d11f60-2d4b-4459-aa74-046ef478fa8b?user_email=amy%40visus.net
[12-Nov-2025 14:48:39 UTC] HTTP Code: 200
[12-Nov-2025 14:48:39 UTC] Response (first 500 chars): {"success":true,"identifier":"24d11f60-2d4b-4459-aa74-046ef478fa8b","resolved_uuid":"24d11f60-2d4b-4459-aa74-046ef478fa8b","dataset":{"_id":"69148b87d58daa287a7332be","uuid":"24d11f60-2d4b-4459-aa74-046ef478fa8b","name":"Trimmed Cell dir local upload","slug":"amy-trimmed-cell-dir-local-upload-2025","id":19288,"user":"amy@visus.net","sensor":"TIFF","convert":true,"is_public":true,"folder_uuid":"LLNL","team_uuid":null,"source_type":"local","source_path":"/tmp/tmp8hsnvnlo/2021-09-22-cell3_Iter_0_ch
[12-Nov-2025 14:48:39 UTC] PHP Warning:  Undefined array key "team_id" in /var/www/html/api/dataset-status.php on line 72
[12-Nov-2025 14:48:39 UTC] API Request: GET http://sclib_fastapi:5001/api/v1/datasets/24d11f60-2d4b-4459-aa74-046ef478fa8b?user_email=amy%40visus.net
[12-Nov-2025 14:48:39 UTC] HTTP Code: 200
[12-Nov-2025 14:48:39 UTC] Response (first 500 chars): {"success":true,"identifier":"24d11f60-2d4b-4459-aa74-046ef478fa8b","resolved_uuid":"24d11f60-2d4b-4459-aa74-046ef478fa8b","dataset":{"_id":"69148b87d58daa287a7332be","uuid":"24d11f60-2d4b-4459-aa74-046ef478fa8b","name":"Trimmed Cell dir local upload","slug":"amy-trimmed-cell-dir-local-upload-2025","id":19288,"user":"amy@visus.net","sensor":"TIFF","convert":true,"is_public":true,"folder_uuid":"LLNL","team_uuid":null,"source_type":"local","source_path":"/tmp/tmp8hsnvnlo/2021-09-22-cell3_Iter_0_ch
[12-Nov-2025 14:48:41 UTC] MongoDB PHP extension not available
[12-Nov-2025 14:48:41 UTC] MongoDB PHP extension not available
[12-Nov-2025 14:48:41 UTC] MongoDB PHP extension not available
[12-Nov-2025 14:48:45 UTC] MongoDB PHP extension not available
[12-Nov-2025 14:48:45 UTC] MongoDB PHP extension not available
[12-Nov-2025 14:48:45 UTC] MongoDB PHP extension not available
[12-Nov-2025 14:59:58 UTC] ✅ Using GuzzleHttp\Psr7\HttpFactory
[12-Nov-2025 14:59:58 UTC] ✅ Using GuzzleHttp\Client
[12-Nov-2025 15:00:02 UTC] ✅ Using GuzzleHttp\Psr7\HttpFactory
[12-Nov-2025 15:00:02 UTC] ✅ Using GuzzleHttp\Client
[12-Nov-2025 15:00:02 UTC] API Request: GET http://sclib_auth:8001/health
[12-Nov-2025 15:00:02 UTC] HTTP Code: 200
[12-Nov-2025 15:00:02 UTC] Response (first 500 chars): {"status":"healthy","service":"SCLib_Auth_Standalone"}
[12-Nov-2025 15:00:02 UTC] Creating user at: http://sclib_auth:8001/api/auth/create-user
[12-Nov-2025 15:00:02 UTC] User data: {"email":"amy@visus.net","name":"Amy Gooch","auth0_id":"google-oauth2|102515493501554578195","sub":"google-oauth2|102515493501554578195","picture":"https:\/\/lh3.googleusercontent.com\/a\/ACg8ocK-O-1oZ6Xz-TnfeEjCg0bJbjzvWA6xqXSC4U7gTYP5uFQXPQ=s96-c","email_verified":true,"auth0_metadata":{"given_name":"Amy","family_name":"Gooch","nickname":"amy","name":"Amy Gooch","picture":"https:\/\/lh3.googleusercontent.com\/a\/ACg8ocK-O-1oZ6Xz-TnfeEjCg0bJbjzvWA6xqXSC4U7gTYP5uFQXPQ=s96-c","updated_at":"2025-11-07T17:22:45.580Z","email":"amy@visus.net","email_verified":true,"iss":"https:\/\/dev-ep26akpb.auth0.com\/","aud":"Wy5lNzYVnDErayU9OmXQPFU5B99oHiI6","sub":"google-oauth2|102515493501554578195","iat":1762959618,"exp":1762995618,"sid":"2_JteWLpxc5QmD-kPa8dCEbsxo2JvuZm","nonce":"f590393602fa95dd6f00bb16148ddeae"}}
[12-Nov-2025 15:00:03 UTC] API Request: POST http://sclib_auth:8001/api/auth/create-user
[12-Nov-2025 15:00:03 UTC] HTTP Code: 200
[12-Nov-2025 15:00:03 UTC] Response (first 500 chars): {"success":true,"user_id":"google-oauth2|102515493501554578195","user":{"id":"google-oauth2|102515493501554578195","user_id":"google-oauth2|102515493501554578195","email":"amy@visus.net","name":"Amy Gooch","picture":"https://lh3.googleusercontent.com/a/ACg8ocK-O-1oZ6Xz-TnfeEjCg0bJbjzvWA6xqXSC4U7gTYP5uFQXPQ=s96-c","email_verified":true,"created_at":"2025-11-11T17:17:28.973000","last_login":"2025-11-12T15:00:03.593000","preferences":{},"auth0_id":"google-oauth2|102515493501554578195"}}
[12-Nov-2025 15:00:03 UTC] Create user response: {"success":true,"user_id":"google-oauth2|102515493501554578195","user":{"id":"google-oauth2|102515493501554578195","user_id":"google-oauth2|102515493501554578195","email":"amy@visus.net","name":"Amy Gooch","picture":"https:\/\/lh3.googleusercontent.com\/a\/ACg8ocK-O-1oZ6Xz-TnfeEjCg0bJbjzvWA6xqXSC4U7gTYP5uFQXPQ=s96-c","email_verified":true,"created_at":"2025-11-11T17:17:28.973000","last_login":"2025-11-12T15:00:03.593000","preferences":[],"auth0_id":"google-oauth2|102515493501554578195"}}
[12-Nov-2025 15:00:04 UTC] API Request: GET http://sclib_fastapi:5001/api/datasets?user_id=google-oauth2%7C102515493501554578195
[12-Nov-2025 15:00:04 UTC] HTTP Code: 200
[12-Nov-2025 15:00:04 UTC] Response (first 500 chars): {"success":true,"datasets":[]}
[12-Nov-2025 15:00:04 UTC] API Request: GET http://sclib_fastapi:5001/api/datasets?user_id=google-oauth2%7C102515493501554578195
[12-Nov-2025 15:00:04 UTC] HTTP Code: 200
[12-Nov-2025 15:00:04 UTC] Response (first 500 chars): {"success":true,"datasets":[]}
[12-Nov-2025 15:00:04 UTC] API Request: GET http://sclib_fastapi:5001/api/datasets?user_id=google-oauth2%7C102515493501554578195
[12-Nov-2025 15:00:04 UTC] HTTP Code: 200
[12-Nov-2025 15:00:04 UTC] Response (first 500 chars): {"success":true,"datasets":[]}
[12-Nov-2025 15:00:04 UTC] API Request: GET http://sclib_fastapi:5001/api/datasets?user_id=google-oauth2%7C102515493501554578195
[12-Nov-2025 15:00:04 UTC] HTTP Code: 0
[12-Nov-2025 15:00:04 UTC] cURL Error: Failed to connect to sclib_fastapi port 5001 after 1 ms: Could not connect to server (errno: 7)
[12-Nov-2025 15:00:04 UTC] Failed to get user datasets: cURL error: Failed to connect to sclib_fastapi port 5001 after 1 ms: Could not connect to server
[12-Nov-2025 15:00:04 UTC] API Request: GET http://sclib_fastapi:5001/api/datasets?user_id=google-oauth2%7C102515493501554578195
[12-Nov-2025 15:00:04 UTC] HTTP Code: 0
[12-Nov-2025 15:00:04 UTC] cURL Error: Failed to connect to sclib_fastapi port 5001 after 0 ms: Could not connect to server (errno: 7)
[12-Nov-2025 15:00:04 UTC] Failed to get user datasets: cURL error: Failed to connect to sclib_fastapi port 5001 after 0 ms: Could not connect to server
[12-Nov-2025 15:00:05 UTC] API Request: GET http://sclib_fastapi:5001/api/v1/datasets/by-user?user_email=amy%40visus.net
[12-Nov-2025 15:00:05 UTC] HTTP Code: 0
[12-Nov-2025 15:00:05 UTC] cURL Error: Failed to connect to sclib_fastapi port 5001 after 0 ms: Could not connect to server (errno: 7)
[12-Nov-2025 15:00:05 UTC] API Request: GET http://sclib_fastapi:5001/api/v1/datasets?user_email=amy%40visus.net
[12-Nov-2025 15:00:05 UTC] HTTP Code: 0
[12-Nov-2025 15:00:05 UTC] cURL Error: Failed to connect to sclib_fastapi port 5001 after 0 ms: Could not connect to server (errno: 7)
[12-Nov-2025 15:00:05 UTC] Datasets API response: my=0, shared=0, team=0, total=0
[12-Nov-2025 15:00:07 UTC] API Request: GET http://sclib_fastapi:5001/api/v1/datasets/by-user?user_email=amy%40visus.net
[12-Nov-2025 15:00:07 UTC] HTTP Code: 0
[12-Nov-2025 15:00:07 UTC] cURL Error: Failed to connect to sclib_fastapi port 5001 after 0 ms: Could not connect to server (errno: 7)
[12-Nov-2025 15:00:07 UTC] API Request: GET http://sclib_fastapi:5001/api/v1/datasets?user_email=amy%40visus.net
[12-Nov-2025 15:00:07 UTC] HTTP Code: 0
[12-Nov-2025 15:00:07 UTC] cURL Error: Failed to connect to sclib_fastapi port 5001 after 0 ms: Could not connect to server (errno: 7)
[12-Nov-2025 15:00:07 UTC] API Request: GET http://sclib_fastapi:5001/api/v1/teams/by-user?user_email=amy%40visus.net
[12-Nov-2025 15:00:07 UTC] HTTP Code: 404
[12-Nov-2025 15:00:07 UTC] Response (first 500 chars): {"detail":"Not Found"}
[12-Nov-2025 15:00:07 UTC] Failed to get user teams: API error (404): Not Found
[12-Nov-2025 15:00:37 UTC] PHP Warning:  Cannot modify header information - headers already sent in /var/www/html/config.php on line 207
[12-Nov-2025 15:00:37 UTC] PHP Warning:  Cannot modify header information - headers already sent in /var/www/html/config.php on line 208
[12-Nov-2025 15:00:37 UTC] PHP Warning:  Cannot modify header information - headers already sent in /var/www/html/config.php on line 209
[12-Nov-2025 15:00:37 UTC] PHP Warning:  Cannot modify header information - headers already sent in /var/www/html/config.php on line 207
[12-Nov-2025 15:00:37 UTC] PHP Warning:  Cannot modify header information - headers already sent in /var/www/html/config.php on line 208
[12-Nov-2025 15:00:37 UTC] PHP Warning:  Cannot modify header information - headers already sent in /var/www/html/config.php on line 209
